Determining if the pthread_create exist failed with the following output:
Change Dir: /home/nvidia/Public/OpenCV_source/aruco/pose_estimation/build/CMakeFiles/CMakeTmp

Run Build Command:"/usr/bin/make" "cmTC_c5fd9/fast"
/usr/bin/make -f CMakeFiles/cmTC_c5fd9.dir/build.make CMakeFiles/cmTC_c5fd9.dir/build
make[1]: Entering directory '/home/nvidia/Public/OpenCV_source/aruco/pose_estimation/build/CMakeFiles/CMakeTmp'
Building C object CMakeFiles/cmTC_c5fd9.dir/CheckSymbolExists.c.o
/usr/bin/cc    -fPIC    -o CMakeFiles/cmTC_c5fd9.dir/CheckSymbolExists.c.o   -c /home/nvidia/Public/OpenCV_source/aruco/pose_estimation/build/CMakeFiles/CMakeTmp/CheckSymbolExists.c
Linking C executable cmTC_c5fd9
/usr/bin/cmake -E cmake_link_script CMakeFiles/cmTC_c5fd9.dir/link.txt --verbose=1
/usr/bin/cc  -fPIC     CMakeFiles/cmTC_c5fd9.dir/CheckSymbolExists.c.o  -o cmTC_c5fd9 -rdynamic 
CMakeFiles/cmTC_c5fd9.dir/CheckSymbolExists.c.o: In function `main':
CheckSymbolExists.c:(.text+0x14): undefined reference to `pthread_create'
CheckSymbolExists.c:(.text+0x18): undefined reference to `pthread_create'
collect2: error: ld returned 1 exit status
CMakeFiles/cmTC_c5fd9.dir/build.make:97: recipe for target 'cmTC_c5fd9' failed
make[1]: *** [cmTC_c5fd9] Error 1
make[1]: Leaving directory '/home/nvidia/Public/OpenCV_source/aruco/pose_estimation/build/CMakeFiles/CMakeTmp'
Makefile:126: recipe for target 'cmTC_c5fd9/fast' failed
make: *** [cmTC_c5fd9/fast] Error 2

File /home/nvidia/Public/OpenCV_source/aruco/pose_estimation/build/CMakeFiles/CMakeTmp/CheckSymbolExists.c:
/* */
#include <pthread.h>

int main(int argc, char** argv)
{
  (void)argv;
#ifndef pthread_create
  return ((int*)(&pthread_create))[argc];
#else
  (void)argc;
  return 0;
#endif
}

Determining if the function pthread_create exists in the pthreads failed with the following output:
Change Dir: /home/nvidia/Public/OpenCV_source/aruco/pose_estimation/build/CMakeFiles/CMakeTmp

Run Build Command:"/usr/bin/make" "cmTC_17c79/fast"
/usr/bin/make -f CMakeFiles/cmTC_17c79.dir/build.make CMakeFiles/cmTC_17c79.dir/build
make[1]: Entering directory '/home/nvidia/Public/OpenCV_source/aruco/pose_estimation/build/CMakeFiles/CMakeTmp'
Building C object CMakeFiles/cmTC_17c79.dir/CheckFunctionExists.c.o
/usr/bin/cc    -fPIC -DCHECK_FUNCTION_EXISTS=pthread_create   -o CMakeFiles/cmTC_17c79.dir/CheckFunctionExists.c.o   -c /usr/share/cmake-3.5/Modules/CheckFunctionExists.c
Linking C executable cmTC_17c79
/usr/bin/cmake -E cmake_link_script CMakeFiles/cmTC_17c79.dir/link.txt --verbose=1
/usr/bin/cc  -fPIC -DCHECK_FUNCTION_EXISTS=pthread_create    CMakeFiles/cmTC_17c79.dir/CheckFunctionExists.c.o  -o cmTC_17c79 -rdynamic -lpthreads 
/usr/bin/ld: cannot find -lpthreads
collect2: error: ld returned 1 exit status
CMakeFiles/cmTC_17c79.dir/build.make:97: recipe for target 'cmTC_17c79' failed
make[1]: *** [cmTC_17c79] Error 1
make[1]: Leaving directory '/home/nvidia/Public/OpenCV_source/aruco/pose_estimation/build/CMakeFiles/CMakeTmp'
Makefile:126: recipe for target 'cmTC_17c79/fast' failed
make: *** [cmTC_17c79/fast] Error 2


